<?xml version="1.0" encoding="UTF-8"?>
<coverage generated="1789866233701" clover="3.2.0">
  <project timestamp="1789866233702" name="All files">
    <metrics statements="195" coveredstatements="116" conditionals="141" coveredconditionals="81" methods="81" coveredmethods="51" elements="417" coveredelements="248" complexity="0" loc="195" ncloc="195" packages="1" files="10" classes="10"/>
    <file name="estados.js" path="/mnt/c/Users/franc/Documents/ChatGPT/Fran/TP-Ing.-Software-2026c2/src/lib/estados.js">
      <metrics statements="30" coveredstatements="12" conditionals="25" coveredconditionals="0" methods="12" coveredmethods="5"/>
      <line num="9" count="2" type="stmt"/>
      <line num="17" count="2" type="stmt"/>
      <line num="67" count="2" type="stmt"/>
      <line num="72" count="0" type="stmt"/>
      <line num="73" count="0" type="cond" truecount="0" falsecount="2"/>
      <line num="74" count="0" type="cond" truecount="0" falsecount="2"/>
      <line num="75" count="0" type="cond" truecount="0" falsecount="2"/>
      <line num="76" count="0" type="stmt"/>
      <line num="82" count="0" type="stmt"/>
      <line num="83" count="0" type="cond" truecount="0" falsecount="2"/>
      <line num="85" count="0" type="stmt"/>
      <line num="86" count="0" type="cond" truecount="0" falsecount="3"/>
      <line num="89" count="0" type="cond" truecount="0" falsecount="5"/>
      <line num="91" count="0" type="stmt"/>
      <line num="93" count="0" type="stmt"/>
      <line num="95" count="0" type="cond" truecount="0" falsecount="4"/>
      <line num="96" count="0" type="stmt"/>
      <line num="103" count="0" type="stmt"/>
      <line num="105" count="0" type="stmt"/>
      <line num="107" count="0" type="stmt"/>
      <line num="111" count="2" type="stmt"/>
      <line num="112" count="0" type="cond" truecount="0" falsecount="2"/>
      <line num="122" count="6" type="stmt"/>
      <line num="123" count="12" type="stmt"/>
      <line num="124" count="44" type="stmt"/>
      <line num="125" count="21" type="stmt"/>
      <line num="127" count="6" type="stmt"/>
      <line num="128" count="6" type="stmt"/>
      <line num="130" count="6" type="stmt"/>
      <line num="134" count="22" type="stmt"/>
    </file>
    <file name="fechas.js" path="/mnt/c/Users/franc/Documents/ChatGPT/Fran/TP-Ing.-Software-2026c2/src/lib/fechas.js">
      <metrics statements="27" coveredstatements="0" conditionals="13" coveredconditionals="0" methods="8" coveredmethods="0"/>
      <line num="6" count="0" type="stmt"/>
      <line num="7" count="0" type="stmt"/>
      <line num="13" count="0" type="stmt"/>
      <line num="14" count="0" type="stmt"/>
      <line num="16" count="0" type="stmt"/>
      <line num="19" count="0" type="stmt"/>
      <line num="20" count="0" type="stmt"/>
      <line num="21" count="0" type="stmt"/>
      <line num="22" count="0" type="stmt"/>
      <line num="24" count="0" type="cond" truecount="0" falsecount="2"/>
      <line num="25" count="0" type="cond" truecount="0" falsecount="2"/>
      <line num="26" count="0" type="stmt"/>
      <line num="30" count="0" type="stmt"/>
      <line num="31" count="0" type="cond" truecount="0" falsecount="2"/>
      <line num="32" count="0" type="cond" truecount="0" falsecount="2"/>
      <line num="33" count="0" type="stmt"/>
      <line num="36" count="0" type="stmt"/>
      <line num="39" count="0" type="stmt"/>
      <line num="40" count="0" type="stmt"/>
      <line num="41" count="0" type="cond" truecount="0" falsecount="2"/>
      <line num="42" count="0" type="stmt"/>
      <line num="43" count="0" type="stmt"/>
      <line num="44" count="0" type="cond" truecount="0" falsecount="2"/>
      <line num="45" count="0" type="stmt"/>
      <line num="52" count="0" type="cond" truecount="0" falsecount="1"/>
      <line num="53" count="0" type="stmt"/>
      <line num="54" count="0" type="stmt"/>
    </file>
    <file name="inicio.js" path="/mnt/c/Users/franc/Documents/ChatGPT/Fran/TP-Ing.-Software-2026c2/src/lib/inicio.js">
      <metrics statements="81" coveredstatements="80" conditionals="75" coveredconditionals="70" methods="41" coveredmethods="39"/>
      <line num="27" count="1" type="stmt"/>
      <line num="28" count="1" type="stmt"/>
      <line num="33" count="1" type="stmt"/>
      <line num="34" count="1" type="stmt"/>
      <line num="38" count="6" type="stmt"/>
      <line num="45" count="1" type="stmt"/>
      <line num="143" count="1" type="stmt"/>
      <line num="147" count="1" type="stmt"/>
      <line num="154" count="160" type="stmt"/>
      <line num="157" count="96" type="cond" truecount="2" falsecount="0"/>
      <line num="161" count="100" type="cond" truecount="2" falsecount="0"/>
      <line num="163" count="15" type="cond" truecount="2" falsecount="0"/>
      <line num="166" count="1" type="stmt"/>
      <line num="167" count="675" type="cond" truecount="5" falsecount="0"/>
      <line num="184" count="39" type="stmt"/>
      <line num="185" count="121" type="cond" truecount="2" falsecount="0"/>
      <line num="186" count="34" type="cond" truecount="2" falsecount="0"/>
      <line num="187" count="24" type="cond" truecount="1" falsecount="1"/>
      <line num="188" count="24" type="stmt"/>
      <line num="191" count="39" type="stmt"/>
      <line num="193" count="39" type="stmt"/>
      <line num="194" count="136" type="stmt"/>
      <line num="198" count="136" type="cond" truecount="2" falsecount="0"/>
      <line num="199" count="136" type="stmt"/>
      <line num="200" count="429" type="cond" truecount="2" falsecount="0"/>
      <line num="201" count="136" type="stmt"/>
      <line num="206" count="104" type="cond" truecount="2" falsecount="0"/>
      <line num="212" count="1" type="cond" truecount="1" falsecount="0"/>
      <line num="213" count="21" type="stmt"/>
      <line num="221" count="18" type="stmt"/>
      <line num="228" count="16" type="cond" truecount="2" falsecount="0"/>
      <line num="231" count="14" type="stmt"/>
      <line num="233" count="14" type="stmt"/>
      <line num="234" count="51" type="cond" truecount="2" falsecount="0"/>
      <line num="236" count="50" type="stmt"/>
      <line num="237" count="50" type="cond" truecount="2" falsecount="0"/>
      <line num="238" count="50" type="cond" truecount="2" falsecount="0"/>
      <line num="239" count="50" type="cond" truecount="2" falsecount="0"/>
      <line num="241" count="50" type="stmt"/>
      <line num="250" count="50" type="cond" truecount="2" falsecount="0"/>
      <line num="251" count="50" type="stmt"/>
      <line num="254" count="14" type="stmt"/>
      <line num="261" count="1" type="cond" truecount="0" falsecount="1"/>
      <line num="262" count="2" type="stmt"/>
      <line num="263" count="8" type="stmt"/>
      <line num="264" count="8" type="cond" truecount="2" falsecount="0"/>
      <line num="269" count="1" type="cond" truecount="0" falsecount="1"/>
      <line num="270" count="2" type="stmt"/>
      <line num="272" count="44" type="cond" truecount="3" falsecount="0"/>
      <line num="278" count="27" type="stmt"/>
      <line num="279" count="10" type="cond" truecount="1" falsecount="1"/>
      <line num="281" count="10" type="stmt"/>
      <line num="287" count="10" type="stmt"/>
      <line num="288" count="38" type="cond" truecount="2" falsecount="0"/>
      <line num="296" count="5" type="stmt"/>
      <line num="297" count="3" type="cond" truecount="1" falsecount="1"/>
      <line num="299" count="3" type="stmt"/>
      <line num="305" count="3" type="stmt"/>
      <line num="306" count="10" type="cond" truecount="2" falsecount="0"/>
      <line num="315" count="9" type="cond" truecount="2" falsecount="0"/>
      <line num="316" count="8" type="stmt"/>
      <line num="317" count="3" type="stmt"/>
      <line num="318" count="3" type="cond" truecount="5" falsecount="0"/>
      <line num="320" count="1" type="stmt"/>
      <line num="321" count="1" type="stmt"/>
      <line num="325" count="1" type="stmt"/>
      <line num="327" count="4" type="cond" truecount="2" falsecount="0"/>
      <line num="328" count="1" type="stmt"/>
      <line num="329" count="3" type="cond" truecount="2" falsecount="0"/>
      <line num="330" count="1" type="stmt"/>
      <line num="331" count="2" type="stmt"/>
      <line num="339" count="2" type="stmt"/>
      <line num="340" count="9" type="cond" truecount="4" falsecount="0"/>
      <line num="342" count="4" type="stmt"/>
      <line num="344" count="1" type="stmt"/>
      <line num="345" count="4" type="stmt"/>
      <line num="357" count="9" type="stmt"/>
      <line num="359" count="1" type="stmt"/>
      <line num="360" count="4" type="cond" truecount="2" falsecount="0"/>
      <line num="364" count="1" type="stmt"/>
      <line num="365" count="0" type="stmt"/>
    </file>
    <file name="modulos.js" path="/mnt/c/Users/franc/Documents/ChatGPT/Fran/TP-Ing.-Software-2026c2/src/lib/modulos.js">
      <metrics statements="5" coveredstatements="4" conditionals="1" coveredconditionals="0" methods="2" coveredmethods="0"/>
      <line num="12" count="1" type="stmt"/>
      <line num="51" count="1" type="stmt"/>
      <line num="54" count="1" type="stmt"/>
      <line num="57" count="1" type="cond" truecount="0" falsecount="1"/>
      <line num="58" count="0" type="stmt"/>
    </file>
    <file name="permisos.js" path="/mnt/c/Users/franc/Documents/ChatGPT/Fran/TP-Ing.-Software-2026c2/src/lib/permisos.js">
      <metrics statements="3" coveredstatements="3" conditionals="2" coveredconditionals="2" methods="1" coveredmethods="1"/>
      <line num="11" count="1" type="stmt"/>
      <line num="32" count="16" type="cond" truecount="2" falsecount="0"/>
      <line num="35" count="1" type="stmt"/>
    </file>
    <file name="presets.js" path="/mnt/c/Users/franc/Documents/ChatGPT/Fran/TP-Ing.-Software-2026c2/src/lib/presets.js">
      <metrics statements="13" coveredstatements="12" conditionals="10" coveredconditionals="7" methods="4" coveredmethods="3"/>
      <line num="11" count="1" type="stmt"/>
      <line num="97" count="1" type="stmt"/>
      <line num="99" count="1" type="stmt"/>
      <line num="101" count="23" type="cond" truecount="2" falsecount="0"/>
      <line num="104" count="1" type="stmt"/>
      <line num="105" count="0" type="cond" truecount="0" falsecount="2"/>
      <line num="109" count="9" type="cond" truecount="1" falsecount="1"/>
      <line num="121" count="11" type="stmt"/>
      <line num="122" count="11" type="cond" truecount="4" falsecount="0"/>
      <line num="124" count="3" type="stmt"/>
      <line num="126" count="3" type="stmt"/>
      <line num="128" count="3" type="stmt"/>
      <line num="130" count="2" type="stmt"/>
    </file>
    <file name="semilla.js" path="/mnt/c/Users/franc/Documents/ChatGPT/Fran/TP-Ing.-Software-2026c2/src/lib/semilla.js">
      <metrics statements="23" coveredstatements="0" conditionals="2" coveredconditionals="0" methods="8" coveredmethods="0"/>
      <line num="10" count="0" type="stmt"/>
      <line num="11" count="0" type="stmt"/>
      <line num="14" count="0" type="stmt"/>
      <line num="15" count="0" type="stmt"/>
      <line num="17" count="0" type="cond" truecount="0" falsecount="1"/>
      <line num="18" count="0" type="stmt"/>
      <line num="19" count="0" type="stmt"/>
      <line num="20" count="0" type="stmt"/>
      <line num="22" count="0" type="cond" truecount="0" falsecount="1"/>
      <line num="23" count="0" type="stmt"/>
      <line num="24" count="0" type="stmt"/>
      <line num="25" count="0" type="stmt"/>
      <line num="28" count="0" type="stmt"/>
      <line num="35" count="0" type="stmt"/>
      <line num="41" count="0" type="stmt"/>
      <line num="54" count="0" type="stmt"/>
      <line num="67" count="0" type="stmt"/>
      <line num="85" count="0" type="stmt"/>
      <line num="92" count="0" type="stmt"/>
      <line num="93" count="0" type="stmt"/>
      <line num="104" count="0" type="stmt"/>
      <line num="115" count="0" type="stmt"/>
      <line num="126" count="0" type="stmt"/>
    </file>
    <file name="supabase.js" path="/mnt/c/Users/franc/Documents/ChatGPT/Fran/TP-Ing.-Software-2026c2/src/lib/supabase.js">
      <metrics statements="4" coveredstatements="0" conditionals="4" coveredconditionals="0" methods="0" coveredmethods="0"/>
      <line num="3" count="0" type="stmt"/>
      <line num="4" count="0" type="stmt"/>
      <line num="8" count="0" type="cond" truecount="0" falsecount="2"/>
      <line num="10" count="0" type="cond" truecount="0" falsecount="2"/>
    </file>
    <file name="useTitulo.js" path="/mnt/c/Users/franc/Documents/ChatGPT/Fran/TP-Ing.-Software-2026c2/src/lib/useTitulo.js">
      <metrics statements="4" coveredstatements="0" conditionals="4" coveredconditionals="0" methods="2" coveredmethods="0"/>
      <line num="8" count="0" type="stmt"/>
      <line num="9" count="0" type="cond" truecount="0" falsecount="2"/>
      <line num="11" count="0" type="stmt"/>
      <line num="12" count="0" type="cond" truecount="0" falsecount="2"/>
    </file>
    <file name="validaciones.js" path="/mnt/c/Users/franc/Documents/ChatGPT/Fran/TP-Ing.-Software-2026c2/src/lib/validaciones.js">
      <metrics statements="5" coveredstatements="5" conditionals="5" coveredconditionals="2" methods="3" coveredmethods="3"/>
      <line num="5" count="1" type="cond" truecount="0" falsecount="1"/>
      <line num="6" count="7" type="cond" truecount="2" falsecount="0"/>
      <line num="9" count="1" type="cond" truecount="0" falsecount="1"/>
      <line num="10" count="7" type="stmt"/>
      <line num="13" count="3" type="cond" truecount="0" falsecount="1"/>
    </file>
  </project>
</coverage>
