{"/mnt/c/Users/franc/Documents/ChatGPT/Fran/TP-Ing.-Software-2026c2/src/lib/estados.js": {"path":"/mnt/c/Users/franc/Documents/ChatGPT/Fran/TP-Ing.-Software-2026c2/src/lib/estados.js","statementMap":{"0":{"start":{"line":9,"column":29},"end":{"line":15,"column":1}},"1":{"start":{"line":17,"column":23},"end":{"line":64,"column":1}},"2":{"start":{"line":67,"column":27},"end":{"line":67,"column":65}},"3":{"start":{"line":67,"column":37},"end":{"line":67,"column":65}},"4":{"start":{"line":72,"column":18},"end":{"line":72,"column":69}},"5":{"start":{"line":72,"column":40},"end":{"line":72,"column":68}},"6":{"start":{"line":73,"column":2},"end":{"line":73,"column":37}},"7":{"start":{"line":73,"column":15},"end":{"line":73,"column":37}},"8":{"start":{"line":74,"column":2},"end":{"line":74,"column":55}},"9":{"start":{"line":74,"column":36},"end":{"line":74,"column":55}},"10":{"start":{"line":75,"column":2},"end":{"line":75,"column":54}},"11":{"start":{"line":75,"column":35},"end":{"line":75,"column":54}},"12":{"start":{"line":76,"column":2},"end":{"line":76,"column":23}},"13":{"start":{"line":82,"column":30},"end":{"line":84,"column":3}},"14":{"start":{"line":83,"column":11},"end":{"line":83,"column":60}},"15":{"start":{"line":85,"column":26},"end":{"line":87,"column":3}},"16":{"start":{"line":86,"column":11},"end":{"line":86,"column":85}},"17":{"start":{"line":89,"column":2},"end":{"line":108,"column":3}},"18":{"start":{"line":91,"column":6},"end":{"line":91,"column":88}},"19":{"start":{"line":93,"column":6},"end":{"line":93,"column":82}},"20":{"start":{"line":95,"column":6},"end":{"line":102,"column":7}},"21":{"start":{"line":96,"column":8},"end":{"line":101,"column":10}},"22":{"start":{"line":103,"column":6},"end":{"line":103,"column":73}},"23":{"start":{"line":105,"column":6},"end":{"line":105,"column":80}},"24":{"start":{"line":107,"column":6},"end":{"line":107,"column":71}},"25":{"start":{"line":111,"column":21},"end":{"line":112,"column":76}},"26":{"start":{"line":112,"column":2},"end":{"line":112,"column":76}},"27":{"start":{"line":122,"column":15},"end":{"line":125,"column":55}},"28":{"start":{"line":123,"column":4},"end":{"line":125,"column":55}},"29":{"start":{"line":124,"column":21},"end":{"line":124,"column":40}},"30":{"start":{"line":125,"column":28},"end":{"line":125,"column":51}},"31":{"start":{"line":127,"column":19},"end":{"line":127,"column":35}},"32":{"start":{"line":128,"column":20},"end":{"line":128,"column":37}},"33":{"start":{"line":130,"column":2},"end":{"line":135,"column":4}},"34":{"start":{"line":134,"column":47},"end":{"line":134,"column":71}}},"fnMap":{"0":{"name":"(anonymous_0)","decl":{"start":{"line":67,"column":27},"end":{"line":67,"column":28}},"loc":{"start":{"line":67,"column":37},"end":{"line":67,"column":65}},"line":67},"1":{"name":"quienLoTiene","decl":{"start":{"line":71,"column":16},"end":{"line":71,"column":28}},"loc":{"start":{"line":71,"column":46},"end":{"line":77,"column":1}},"line":71},"2":{"name":"(anonymous_2)","decl":{"start":{"line":72,"column":33},"end":{"line":72,"column":34}},"loc":{"start":{"line":72,"column":40},"end":{"line":72,"column":68}},"line":72},"3":{"name":"accionDeFila","decl":{"start":{"line":81,"column":16},"end":{"line":81,"column":28}},"loc":{"start":{"line":81,"column":70},"end":{"line":109,"column":1}},"line":81},"4":{"name":"(anonymous_4)","decl":{"start":{"line":83,"column":4},"end":{"line":83,"column":5}},"loc":{"start":{"line":83,"column":11},"end":{"line":83,"column":60}},"line":83},"5":{"name":"(anonymous_5)","decl":{"start":{"line":86,"column":4},"end":{"line":86,"column":5}},"loc":{"start":{"line":86,"column":11},"end":{"line":86,"column":85}},"line":86},"6":{"name":"(anonymous_6)","decl":{"start":{"line":111,"column":21},"end":{"line":111,"column":22}},"loc":{"start":{"line":112,"column":2},"end":{"line":112,"column":76}},"line":112},"7":{"name":"totalesDeCaso","decl":{"start":{"line":121,"column":16},"end":{"line":121,"column":29}},"loc":{"start":{"line":121,"column":44},"end":{"line":136,"column":1}},"line":121},"8":{"name":"(anonymous_8)","decl":{"start":{"line":122,"column":15},"end":{"line":122,"column":16}},"loc":{"start":{"line":123,"column":4},"end":{"line":125,"column":55}},"line":123},"9":{"name":"(anonymous_9)","decl":{"start":{"line":124,"column":14},"end":{"line":124,"column":15}},"loc":{"start":{"line":124,"column":21},"end":{"line":124,"column":40}},"line":124},"10":{"name":"(anonymous_10)","decl":{"start":{"line":125,"column":14},"end":{"line":125,"column":15}},"loc":{"start":{"line":125,"column":28},"end":{"line":125,"column":51}},"line":125},"11":{"name":"(anonymous_11)","decl":{"start":{"line":134,"column":40},"end":{"line":134,"column":41}},"loc":{"start":{"line":134,"column":47},"end":{"line":134,"column":71}},"line":134}},"branchMap":{"0":{"loc":{"start":{"line":73,"column":2},"end":{"line":73,"column":37}},"type":"if","locations":[{"start":{"line":73,"column":2},"end":{"line":73,"column":37}},{"start":{},"end":{}}],"line":73},"1":{"loc":{"start":{"line":74,"column":2},"end":{"line":74,"column":55}},"type":"if","locations":[{"start":{"line":74,"column":2},"end":{"line":74,"column":55}},{"start":{},"end":{}}],"line":74},"2":{"loc":{"start":{"line":75,"column":2},"end":{"line":75,"column":54}},"type":"if","locations":[{"start":{"line":75,"column":2},"end":{"line":75,"column":54}},{"start":{},"end":{}}],"line":75},"3":{"loc":{"start":{"line":81,"column":35},"end":{"line":81,"column":68}},"type":"default-arg","locations":[{"start":{"line":81,"column":66},"end":{"line":81,"column":68}}],"line":81},"4":{"loc":{"start":{"line":81,"column":37},"end":{"line":81,"column":47}},"type":"default-arg","locations":[{"start":{"line":81,"column":45},"end":{"line":81,"column":47}}],"line":81},"5":{"loc":{"start":{"line":81,"column":49},"end":{"line":81,"column":61}},"type":"default-arg","locations":[{"start":{"line":81,"column":59},"end":{"line":81,"column":61}}],"line":81},"6":{"loc":{"start":{"line":83,"column":11},"end":{"line":83,"column":60}},"type":"binary-expr","locations":[{"start":{"line":83,"column":11},"end":{"line":83,"column":32}},{"start":{"line":83,"column":36},"end":{"line":83,"column":60}}],"line":83},"7":{"loc":{"start":{"line":86,"column":11},"end":{"line":86,"column":85}},"type":"binary-expr","locations":[{"start":{"line":86,"column":11},"end":{"line":86,"column":32}},{"start":{"line":86,"column":37},"end":{"line":86,"column":58}},{"start":{"line":86,"column":62},"end":{"line":86,"column":84}}],"line":86},"8":{"loc":{"start":{"line":89,"column":2},"end":{"line":108,"column":3}},"type":"switch","locations":[{"start":{"line":90,"column":4},"end":{"line":91,"column":88}},{"start":{"line":92,"column":4},"end":{"line":93,"column":82}},{"start":{"line":94,"column":4},"end":{"line":103,"column":73}},{"start":{"line":104,"column":4},"end":{"line":105,"column":80}},{"start":{"line":106,"column":4},"end":{"line":107,"column":71}}],"line":89},"9":{"loc":{"start":{"line":95,"column":6},"end":{"line":102,"column":7}},"type":"if","locations":[{"start":{"line":95,"column":6},"end":{"line":102,"column":7}},{"start":{},"end":{}}],"line":95},"10":{"loc":{"start":{"line":95,"column":10},"end":{"line":95,"column":49}},"type":"binary-expr","locations":[{"start":{"line":95,"column":10},"end":{"line":95,"column":25}},{"start":{"line":95,"column":29},"end":{"line":95,"column":49}}],"line":95},"11":{"loc":{"start":{"line":112,"column":15},"end":{"line":112,"column":21}},"type":"binary-expr","locations":[{"start":{"line":112,"column":15},"end":{"line":112,"column":16}},{"start":{"line":112,"column":20},"end":{"line":112,"column":21}}],"line":112}},"s":{"0":2,"1":2,"2":2,"3":0,"4":0,"5":0,"6":0,"7":0,"8":0,"9":0,"10":0,"11":0,"12":0,"13":0,"14":0,"15":0,"16":0,"17":0,"18":0,"19":0,"20":0,"21":0,"22":0,"23":0,"24":0,"25":2,"26":0,"27":6,"28":12,"29":44,"30":21,"31":6,"32":6,"33":6,"34":22},"f":{"0":0,"1":0,"2":0,"3":0,"4":0,"5":0,"6":0,"7":6,"8":12,"9":44,"10":21,"11":22},"b":{"0":[0,0],"1":[0,0],"2":[0,0],"3":[0],"4":[0],"5":[0],"6":[0,0],"7":[0,0,0],"8":[0,0,0,0,0],"9":[0,0],"10":[0,0],"11":[0,0]},"inputSourceMap":null,"_coverageSchema":"1a1c01bbd47fc00a2c39e90264f33305004495a9","hash":"0775748161a56ed6099e0c7d3188452810d7fe92"}
,"/mnt/c/Users/franc/Documents/ChatGPT/Fran/TP-Ing.-Software-2026c2/src/lib/fechas.js": {"path":"/mnt/c/Users/franc/Documents/ChatGPT/Fran/TP-Ing.-Software-2026c2/src/lib/fechas.js","statementMap":{"0":{"start":{"line":6,"column":13},"end":{"line":11,"column":14}},"1":{"start":{"line":7,"column":2},"end":{"line":11,"column":14}},"2":{"start":{"line":13,"column":12},"end":{"line":14,"column":79}},"3":{"start":{"line":14,"column":2},"end":{"line":14,"column":79}},"4":{"start":{"line":16,"column":17},"end":{"line":16,"column":64}},"5":{"start":{"line":16,"column":27},"end":{"line":16,"column":64}},"6":{"start":{"line":19,"column":12},"end":{"line":19,"column":25}},"7":{"start":{"line":20,"column":16},"end":{"line":20,"column":26}},"8":{"start":{"line":21,"column":15},"end":{"line":21,"column":30}},"9":{"start":{"line":22,"column":2},"end":{"line":22,"column":36}},"10":{"start":{"line":24,"column":2},"end":{"line":24,"column":50}},"11":{"start":{"line":24,"column":26},"end":{"line":24,"column":50}},"12":{"start":{"line":25,"column":2},"end":{"line":25,"column":50}},"13":{"start":{"line":25,"column":25},"end":{"line":25,"column":50}},"14":{"start":{"line":26,"column":2},"end":{"line":26,"column":16}},"15":{"start":{"line":30,"column":15},"end":{"line":30,"column":66}},"16":{"start":{"line":31,"column":2},"end":{"line":31,"column":38}},"17":{"start":{"line":31,"column":17},"end":{"line":31,"column":38}},"18":{"start":{"line":32,"column":2},"end":{"line":32,"column":40}},"19":{"start":{"line":32,"column":18},"end":{"line":32,"column":40}},"20":{"start":{"line":33,"column":2},"end":{"line":33,"column":37}},"21":{"start":{"line":36,"column":28},"end":{"line":36,"column":56}},"22":{"start":{"line":36,"column":37},"end":{"line":36,"column":56}},"23":{"start":{"line":39,"column":12},"end":{"line":39,"column":25}},"24":{"start":{"line":40,"column":16},"end":{"line":40,"column":26}},"25":{"start":{"line":41,"column":2},"end":{"line":41,"column":39}},"26":{"start":{"line":41,"column":26},"end":{"line":41,"column":39}},"27":{"start":{"line":42,"column":17},"end":{"line":42,"column":32}},"28":{"start":{"line":43,"column":2},"end":{"line":43,"column":38}},"29":{"start":{"line":44,"column":2},"end":{"line":44,"column":43}},"30":{"start":{"line":44,"column":27},"end":{"line":44,"column":43}},"31":{"start":{"line":45,"column":2},"end":{"line":49,"column":15}},"32":{"start":{"line":52,"column":25},"end":{"line":55,"column":1}},"33":{"start":{"line":53,"column":16},"end":{"line":53,"column":69}},"34":{"start":{"line":54,"column":2},"end":{"line":54,"column":42}}},"fnMap":{"0":{"name":"(anonymous_0)","decl":{"start":{"line":6,"column":13},"end":{"line":6,"column":14}},"loc":{"start":{"line":7,"column":2},"end":{"line":11,"column":14}},"line":7},"1":{"name":"(anonymous_1)","decl":{"start":{"line":13,"column":12},"end":{"line":13,"column":13}},"loc":{"start":{"line":14,"column":2},"end":{"line":14,"column":79}},"line":14},"2":{"name":"(anonymous_2)","decl":{"start":{"line":16,"column":17},"end":{"line":16,"column":18}},"loc":{"start":{"line":16,"column":27},"end":{"line":16,"column":64}},"line":16},"3":{"name":"cuando","decl":{"start":{"line":18,"column":16},"end":{"line":18,"column":22}},"loc":{"start":{"line":18,"column":28},"end":{"line":27,"column":1}},"line":18},"4":{"name":"haceCuanto","decl":{"start":{"line":29,"column":16},"end":{"line":29,"column":26}},"loc":{"start":{"line":29,"column":32},"end":{"line":34,"column":1}},"line":29},"5":{"name":"(anonymous_5)","decl":{"start":{"line":36,"column":28},"end":{"line":36,"column":29}},"loc":{"start":{"line":36,"column":37},"end":{"line":36,"column":56}},"line":36},"6":{"name":"diaLargo","decl":{"start":{"line":38,"column":16},"end":{"line":38,"column":24}},"loc":{"start":{"line":38,"column":30},"end":{"line":50,"column":1}},"line":38},"7":{"name":"(anonymous_7)","decl":{"start":{"line":52,"column":25},"end":{"line":52,"column":26}},"loc":{"start":{"line":52,"column":45},"end":{"line":55,"column":1}},"line":52}},"branchMap":{"0":{"loc":{"start":{"line":24,"column":2},"end":{"line":24,"column":50}},"type":"if","locations":[{"start":{"line":24,"column":2},"end":{"line":24,"column":50}},{"start":{},"end":{}}],"line":24},"1":{"loc":{"start":{"line":25,"column":2},"end":{"line":25,"column":50}},"type":"if","locations":[{"start":{"line":25,"column":2},"end":{"line":25,"column":50}},{"start":{},"end":{}}],"line":25},"2":{"loc":{"start":{"line":31,"column":2},"end":{"line":31,"column":38}},"type":"if","locations":[{"start":{"line":31,"column":2},"end":{"line":31,"column":38}},{"start":{},"end":{}}],"line":31},"3":{"loc":{"start":{"line":32,"column":2},"end":{"line":32,"column":40}},"type":"if","locations":[{"start":{"line":32,"column":2},"end":{"line":32,"column":40}},{"start":{},"end":{}}],"line":32},"4":{"loc":{"start":{"line":41,"column":2},"end":{"line":41,"column":39}},"type":"if","locations":[{"start":{"line":41,"column":2},"end":{"line":41,"column":39}},{"start":{},"end":{}}],"line":41},"5":{"loc":{"start":{"line":44,"column":2},"end":{"line":44,"column":43}},"type":"if","locations":[{"start":{"line":44,"column":2},"end":{"line":44,"column":43}},{"start":{},"end":{}}],"line":44},"6":{"loc":{"start":{"line":52,"column":26},"end":{"line":52,"column":40}},"type":"default-arg","locations":[{"start":{"line":52,"column":30},"end":{"line":52,"column":40}}],"line":52}},"s":{"0":0,"1":0,"2":0,"3":0,"4":0,"5":0,"6":0,"7":0,"8":0,"9":0,"10":0,"11":0,"12":0,"13":0,"14":0,"15":0,"16":0,"17":0,"18":0,"19":0,"20":0,"21":0,"22":0,"23":0,"24":0,"25":0,"26":0,"27":0,"28":0,"29":0,"30":0,"31":0,"32":0,"33":0,"34":0},"f":{"0":0,"1":0,"2":0,"3":0,"4":0,"5":0,"6":0,"7":0},"b":{"0":[0,0],"1":[0,0],"2":[0,0],"3":[0,0],"4":[0,0],"5":[0,0],"6":[0]},"inputSourceMap":null}
,"/mnt/c/Users/franc/Documents/ChatGPT/Fran/TP-Ing.-Software-2026c2/src/lib/inicio.js": {"path":"/mnt/c/Users/franc/Documents/ChatGPT/Fran/TP-Ing.-Software-2026c2/src/lib/inicio.js","statementMap":{"0":{"start":{"line":27,"column":24},"end":{"line":27,"column":25}},"1":{"start":{"line":28,"column":24},"end":{"line":28,"column":25}},"2":{"start":{"line":33,"column":25},"end":{"line":33,"column":28}},"3":{"start":{"line":34,"column":26},"end":{"line":34,"column":28}},"4":{"start":{"line":38,"column":25},"end":{"line":38,"column":60}},"5":{"start":{"line":38,"column":35},"end":{"line":38,"column":60}},"6":{"start":{"line":45,"column":24},"end":{"line":141,"column":1}},"7":{"start":{"line":143,"column":30},"end":{"line":143,"column":53}},"8":{"start":{"line":147,"column":34},"end":{"line":152,"column":1}},"9":{"start":{"line":154,"column":14},"end":{"line":154,"column":74}},"10":{"start":{"line":154,"column":37},"end":{"line":154,"column":74}},"11":{"start":{"line":157,"column":16},"end":{"line":157,"column":52}},"12":{"start":{"line":157,"column":23},"end":{"line":157,"column":52}},"13":{"start":{"line":161,"column":17},"end":{"line":161,"column":53}},"14":{"start":{"line":161,"column":24},"end":{"line":161,"column":53}},"15":{"start":{"line":163,"column":25},"end":{"line":163,"column":80}},"16":{"start":{"line":163,"column":36},"end":{"line":163,"column":80}},"17":{"start":{"line":166,"column":23},"end":{"line":171,"column":20}},"18":{"start":{"line":167,"column":2},"end":{"line":171,"column":20}},"19":{"start":{"line":184,"column":16},"end":{"line":189,"column":4}},"20":{"start":{"line":185,"column":4},"end":{"line":185,"column":38}},"21":{"start":{"line":185,"column":21},"end":{"line":185,"column":38}},"22":{"start":{"line":186,"column":4},"end":{"line":186,"column":39}},"23":{"start":{"line":186,"column":29},"end":{"line":186,"column":39}},"24":{"start":{"line":187,"column":4},"end":{"line":187,"column":38}},"25":{"start":{"line":187,"column":29},"end":{"line":187,"column":38}},"26":{"start":{"line":188,"column":4},"end":{"line":188,"column":21}},"27":{"start":{"line":191,"column":18},"end":{"line":191,"column":20}},"28":{"start":{"line":193,"column":2},"end":{"line":202,"column":3}},"29":{"start":{"line":194,"column":17},"end":{"line":194,"column":25}},"30":{"start":{"line":198,"column":4},"end":{"line":198,"column":26}},"31":{"start":{"line":198,"column":15},"end":{"line":198,"column":26}},"32":{"start":{"line":199,"column":18},"end":{"line":199,"column":19}},"33":{"start":{"line":200,"column":4},"end":{"line":200,"column":81}},"34":{"start":{"line":200,"column":31},"end":{"line":200,"column":47}},"35":{"start":{"line":200,"column":69},"end":{"line":200,"column":81}},"36":{"start":{"line":201,"column":4},"end":{"line":201,"column":23}},"37":{"start":{"line":206,"column":2},"end":{"line":206,"column":56}},"38":{"start":{"line":206,"column":32},"end":{"line":206,"column":54}},"39":{"start":{"line":212,"column":24},"end":{"line":213,"column":45}},"40":{"start":{"line":213,"column":2},"end":{"line":213,"column":45}},"41":{"start":{"line":221,"column":25},"end":{"line":221,"column":70}},"42":{"start":{"line":221,"column":37},"end":{"line":221,"column":70}},"43":{"start":{"line":228,"column":2},"end":{"line":228,"column":92}},"44":{"start":{"line":228,"column":32},"end":{"line":228,"column":92}},"45":{"start":{"line":228,"column":80},"end":{"line":228,"column":88}},"46":{"start":{"line":231,"column":20},"end":{"line":231,"column":21}},"47":{"start":{"line":233,"column":17},"end":{"line":252,"column":6}},"48":{"start":{"line":234,"column":19},"end":{"line":234,"column":41}},"49":{"start":{"line":236,"column":18},"end":{"line":236,"column":35}},"50":{"start":{"line":237,"column":20},"end":{"line":237,"column":79}},"51":{"start":{"line":238,"column":19},"end":{"line":238,"column":75}},"52":{"start":{"line":239,"column":25},"end":{"line":239,"column":53}},"53":{"start":{"line":241,"column":19},"end":{"line":248,"column":7}},"54":{"start":{"line":250,"column":6},"end":{"line":250,"column":43}},"55":{"start":{"line":250,"column":23},"end":{"line":250,"column":43}},"56":{"start":{"line":251,"column":6},"end":{"line":251,"column":18}},"57":{"start":{"line":254,"column":2},"end":{"line":254,"column":27}},"58":{"start":{"line":261,"column":24},"end":{"line":265,"column":4}},"59":{"start":{"line":262,"column":2},"end":{"line":265,"column":4}},"60":{"start":{"line":263,"column":21},"end":{"line":263,"column":46}},"61":{"start":{"line":264,"column":4},"end":{"line":264,"column":58}},"62":{"start":{"line":269,"column":26},"end":{"line":274,"column":3}},"63":{"start":{"line":270,"column":2},"end":{"line":274,"column":3}},"64":{"start":{"line":272,"column":6},"end":{"line":273,"column":58}},"65":{"start":{"line":272,"column":26},"end":{"line":272,"column":47}},"66":{"start":{"line":278,"column":15},"end":{"line":278,"column":52}},"67":{"start":{"line":278,"column":34},"end":{"line":278,"column":51}},"68":{"start":{"line":279,"column":2},"end":{"line":279,"column":27}},"69":{"start":{"line":279,"column":13},"end":{"line":279,"column":27}},"70":{"start":{"line":281,"column":17},"end":{"line":285,"column":3}},"71":{"start":{"line":287,"column":2},"end":{"line":290,"column":4}},"72":{"start":{"line":288,"column":23},"end":{"line":288,"column":53}},"73":{"start":{"line":296,"column":15},"end":{"line":296,"column":52}},"74":{"start":{"line":296,"column":34},"end":{"line":296,"column":51}},"75":{"start":{"line":297,"column":2},"end":{"line":297,"column":27}},"76":{"start":{"line":297,"column":13},"end":{"line":297,"column":27}},"77":{"start":{"line":299,"column":17},"end":{"line":303,"column":3}},"78":{"start":{"line":305,"column":2},"end":{"line":308,"column":4}},"79":{"start":{"line":306,"column":23},"end":{"line":306,"column":53}},"80":{"start":{"line":315,"column":16},"end":{"line":315,"column":66}},"81":{"start":{"line":315,"column":43},"end":{"line":315,"column":65}},"82":{"start":{"line":316,"column":16},"end":{"line":316,"column":57}},"83":{"start":{"line":316,"column":39},"end":{"line":316,"column":56}},"84":{"start":{"line":317,"column":16},"end":{"line":317,"column":29}},"85":{"start":{"line":318,"column":2},"end":{"line":318,"column":69}},"86":{"start":{"line":318,"column":55},"end":{"line":318,"column":69}},"87":{"start":{"line":320,"column":14},"end":{"line":320,"column":26}},"88":{"start":{"line":321,"column":15},"end":{"line":321,"column":27}},"89":{"start":{"line":325,"column":2},"end":{"line":333,"column":4}},"90":{"start":{"line":327,"column":6},"end":{"line":328,"column":76}},"91":{"start":{"line":328,"column":8},"end":{"line":328,"column":76}},"92":{"start":{"line":329,"column":6},"end":{"line":330,"column":74}},"93":{"start":{"line":330,"column":8},"end":{"line":330,"column":74}},"94":{"start":{"line":331,"column":6},"end":{"line":331,"column":15}},"95":{"start":{"line":339,"column":14},"end":{"line":339,"column":29}},"96":{"start":{"line":340,"column":2},"end":{"line":340,"column":67}},"97":{"start":{"line":340,"column":33},"end":{"line":340,"column":50}},"98":{"start":{"line":340,"column":53},"end":{"line":340,"column":67}},"99":{"start":{"line":342,"column":16},"end":{"line":342,"column":73}},"100":{"start":{"line":342,"column":42},"end":{"line":342,"column":69}},"101":{"start":{"line":344,"column":2},"end":{"line":354,"column":5}},"102":{"start":{"line":345,"column":26},"end":{"line":345,"column":34}},"103":{"start":{"line":357,"column":22},"end":{"line":357,"column":80}},"104":{"start":{"line":357,"column":41},"end":{"line":357,"column":80}},"105":{"start":{"line":357,"column":62},"end":{"line":357,"column":79}},"106":{"start":{"line":359,"column":29},"end":{"line":360,"column":63}},"107":{"start":{"line":360,"column":2},"end":{"line":360,"column":63}},"108":{"start":{"line":360,"column":21},"end":{"line":360,"column":61}},"109":{"start":{"line":364,"column":31},"end":{"line":365,"column":59}},"110":{"start":{"line":365,"column":2},"end":{"line":365,"column":59}},"111":{"start":{"line":365,"column":28},"end":{"line":365,"column":55}}},"fnMap":{"0":{"name":"(anonymous_0)","decl":{"start":{"line":38,"column":25},"end":{"line":38,"column":26}},"loc":{"start":{"line":38,"column":35},"end":{"line":38,"column":60}},"line":38},"1":{"name":"(anonymous_1)","decl":{"start":{"line":154,"column":14},"end":{"line":154,"column":15}},"loc":{"start":{"line":154,"column":37},"end":{"line":154,"column":74}},"line":154},"2":{"name":"(anonymous_2)","decl":{"start":{"line":157,"column":16},"end":{"line":157,"column":17}},"loc":{"start":{"line":157,"column":23},"end":{"line":157,"column":52}},"line":157},"3":{"name":"(anonymous_3)","decl":{"start":{"line":161,"column":17},"end":{"line":161,"column":18}},"loc":{"start":{"line":161,"column":24},"end":{"line":161,"column":53}},"line":161},"4":{"name":"(anonymous_4)","decl":{"start":{"line":163,"column":25},"end":{"line":163,"column":26}},"loc":{"start":{"line":163,"column":36},"end":{"line":163,"column":80}},"line":163},"5":{"name":"(anonymous_5)","decl":{"start":{"line":166,"column":23},"end":{"line":166,"column":24}},"loc":{"start":{"line":167,"column":2},"end":{"line":171,"column":20}},"line":167},"6":{"name":"acomodar","decl":{"start":{"line":183,"column":9},"end":{"line":183,"column":17}},"loc":{"start":{"line":183,"column":53},"end":{"line":207,"column":1}},"line":183},"7":{"name":"(anonymous_7)","decl":{"start":{"line":184,"column":33},"end":{"line":184,"column":34}},"loc":{"start":{"line":184,"column":43},"end":{"line":189,"column":3}},"line":184},"8":{"name":"(anonymous_8)","decl":{"start":{"line":200,"column":24},"end":{"line":200,"column":25}},"loc":{"start":{"line":200,"column":31},"end":{"line":200,"column":47}},"line":200},"9":{"name":"(anonymous_9)","decl":{"start":{"line":206,"column":22},"end":{"line":206,"column":23}},"loc":{"start":{"line":206,"column":32},"end":{"line":206,"column":54}},"line":206},"10":{"name":"(anonymous_10)","decl":{"start":{"line":212,"column":24},"end":{"line":212,"column":25}},"loc":{"start":{"line":213,"column":2},"end":{"line":213,"column":45}},"line":213},"11":{"name":"(anonymous_11)","decl":{"start":{"line":221,"column":25},"end":{"line":221,"column":26}},"loc":{"start":{"line":221,"column":37},"end":{"line":221,"column":70}},"line":221},"12":{"name":"normalizarInicio","decl":{"start":{"line":227,"column":16},"end":{"line":227,"column":32}},"loc":{"start":{"line":227,"column":43},"end":{"line":255,"column":1}},"line":227},"13":{"name":"(anonymous_13)","decl":{"start":{"line":228,"column":72},"end":{"line":228,"column":73}},"loc":{"start":{"line":228,"column":80},"end":{"line":228,"column":88}},"line":228},"14":{"name":"(anonymous_14)","decl":{"start":{"line":234,"column":12},"end":{"line":234,"column":13}},"loc":{"start":{"line":234,"column":19},"end":{"line":234,"column":41}},"line":234},"15":{"name":"(anonymous_15)","decl":{"start":{"line":235,"column":9},"end":{"line":235,"column":10}},"loc":{"start":{"line":235,"column":16},"end":{"line":252,"column":5}},"line":235},"16":{"name":"(anonymous_16)","decl":{"start":{"line":261,"column":24},"end":{"line":261,"column":25}},"loc":{"start":{"line":262,"column":2},"end":{"line":265,"column":4}},"line":262},"17":{"name":"(anonymous_17)","decl":{"start":{"line":262,"column":16},"end":{"line":262,"column":17}},"loc":{"start":{"line":262,"column":23},"end":{"line":265,"column":3}},"line":262},"18":{"name":"(anonymous_18)","decl":{"start":{"line":269,"column":26},"end":{"line":269,"column":27}},"loc":{"start":{"line":270,"column":2},"end":{"line":274,"column":3}},"line":270},"19":{"name":"(anonymous_19)","decl":{"start":{"line":271,"column":4},"end":{"line":271,"column":5}},"loc":{"start":{"line":272,"column":6},"end":{"line":273,"column":58}},"line":272},"20":{"name":"(anonymous_20)","decl":{"start":{"line":272,"column":19},"end":{"line":272,"column":20}},"loc":{"start":{"line":272,"column":26},"end":{"line":272,"column":47}},"line":272},"21":{"name":"colocar","decl":{"start":{"line":277,"column":16},"end":{"line":277,"column":23}},"loc":{"start":{"line":277,"column":45},"end":{"line":291,"column":1}},"line":277},"22":{"name":"(anonymous_22)","decl":{"start":{"line":278,"column":27},"end":{"line":278,"column":28}},"loc":{"start":{"line":278,"column":34},"end":{"line":278,"column":51}},"line":278},"23":{"name":"(anonymous_23)","decl":{"start":{"line":288,"column":15},"end":{"line":288,"column":16}},"loc":{"start":{"line":288,"column":23},"end":{"line":288,"column":53}},"line":288},"24":{"name":"redimensionar","decl":{"start":{"line":295,"column":16},"end":{"line":295,"column":29}},"loc":{"start":{"line":295,"column":58},"end":{"line":309,"column":1}},"line":295},"25":{"name":"(anonymous_25)","decl":{"start":{"line":296,"column":27},"end":{"line":296,"column":28}},"loc":{"start":{"line":296,"column":34},"end":{"line":296,"column":51}},"line":296},"26":{"name":"(anonymous_26)","decl":{"start":{"line":306,"column":15},"end":{"line":306,"column":16}},"loc":{"start":{"line":306,"column":23},"end":{"line":306,"column":53}},"line":306},"27":{"name":"intercambiar","decl":{"start":{"line":314,"column":16},"end":{"line":314,"column":28}},"loc":{"start":{"line":314,"column":51},"end":{"line":334,"column":1}},"line":314},"28":{"name":"(anonymous_28)","decl":{"start":{"line":315,"column":33},"end":{"line":315,"column":34}},"loc":{"start":{"line":315,"column":43},"end":{"line":315,"column":65}},"line":315},"29":{"name":"(anonymous_29)","decl":{"start":{"line":316,"column":32},"end":{"line":316,"column":33}},"loc":{"start":{"line":316,"column":39},"end":{"line":316,"column":56}},"line":316},"30":{"name":"(anonymous_30)","decl":{"start":{"line":326,"column":15},"end":{"line":326,"column":16}},"loc":{"start":{"line":326,"column":22},"end":{"line":332,"column":5}},"line":326},"31":{"name":"agregar","decl":{"start":{"line":338,"column":16},"end":{"line":338,"column":23}},"loc":{"start":{"line":338,"column":39},"end":{"line":355,"column":1}},"line":338},"32":{"name":"(anonymous_32)","decl":{"start":{"line":340,"column":26},"end":{"line":340,"column":27}},"loc":{"start":{"line":340,"column":33},"end":{"line":340,"column":50}},"line":340},"33":{"name":"(anonymous_33)","decl":{"start":{"line":342,"column":30},"end":{"line":342,"column":31}},"loc":{"start":{"line":342,"column":42},"end":{"line":342,"column":69}},"line":342},"34":{"name":"(anonymous_34)","decl":{"start":{"line":345,"column":18},"end":{"line":345,"column":19}},"loc":{"start":{"line":345,"column":26},"end":{"line":345,"column":34}},"line":345},"35":{"name":"(anonymous_35)","decl":{"start":{"line":357,"column":22},"end":{"line":357,"column":23}},"loc":{"start":{"line":357,"column":41},"end":{"line":357,"column":80}},"line":357},"36":{"name":"(anonymous_36)","decl":{"start":{"line":357,"column":55},"end":{"line":357,"column":56}},"loc":{"start":{"line":357,"column":62},"end":{"line":357,"column":79}},"line":357},"37":{"name":"(anonymous_37)","decl":{"start":{"line":359,"column":29},"end":{"line":359,"column":30}},"loc":{"start":{"line":360,"column":2},"end":{"line":360,"column":63}},"line":360},"38":{"name":"(anonymous_38)","decl":{"start":{"line":360,"column":13},"end":{"line":360,"column":14}},"loc":{"start":{"line":360,"column":21},"end":{"line":360,"column":61}},"line":360},"39":{"name":"(anonymous_39)","decl":{"start":{"line":364,"column":31},"end":{"line":364,"column":32}},"loc":{"start":{"line":365,"column":2},"end":{"line":365,"column":59}},"line":365},"40":{"name":"(anonymous_40)","decl":{"start":{"line":365,"column":16},"end":{"line":365,"column":17}},"loc":{"start":{"line":365,"column":28},"end":{"line":365,"column":55}},"line":365}},"branchMap":{"0":{"loc":{"start":{"line":157,"column":23},"end":{"line":157,"column":52}},"type":"binary-expr","locations":[{"start":{"line":157,"column":23},"end":{"line":157,"column":42}},{"start":{"line":157,"column":46},"end":{"line":157,"column":52}}],"line":157},"1":{"loc":{"start":{"line":161,"column":24},"end":{"line":161,"column":53}},"type":"binary-expr","locations":[{"start":{"line":161,"column":24},"end":{"line":161,"column":43}},{"start":{"line":161,"column":47},"end":{"line":161,"column":53}}],"line":161},"2":{"loc":{"start":{"line":163,"column":36},"end":{"line":163,"column":80}},"type":"binary-expr","locations":[{"start":{"line":163,"column":36},"end":{"line":163,"column":72}},{"start":{"line":163,"column":76},"end":{"line":163,"column":80}}],"line":163},"3":{"loc":{"start":{"line":167,"column":2},"end":{"line":171,"column":20}},"type":"binary-expr","locations":[{"start":{"line":167,"column":2},"end":{"line":167,"column":21}},{"start":{"line":168,"column":2},"end":{"line":168,"column":21}},{"start":{"line":169,"column":2},"end":{"line":169,"column":21}},{"start":{"line":170,"column":2},"end":{"line":170,"column":20}},{"start":{"line":171,"column":2},"end":{"line":171,"column":20}}],"line":167},"4":{"loc":{"start":{"line":183,"column":28},"end":{"line":183,"column":42}},"type":"default-arg","locations":[{"start":{"line":183,"column":38},"end":{"line":183,"column":42}}],"line":183},"5":{"loc":{"start":{"line":185,"column":4},"end":{"line":185,"column":38}},"type":"if","locations":[{"start":{"line":185,"column":4},"end":{"line":185,"column":38}},{"start":{},"end":{}}],"line":185},"6":{"loc":{"start":{"line":186,"column":4},"end":{"line":186,"column":39}},"type":"if","locations":[{"start":{"line":186,"column":4},"end":{"line":186,"column":39}},{"start":{},"end":{}}],"line":186},"7":{"loc":{"start":{"line":187,"column":4},"end":{"line":187,"column":38}},"type":"if","locations":[{"start":{"line":187,"column":4},"end":{"line":187,"column":38}},{"start":{},"end":{}}],"line":187},"8":{"loc":{"start":{"line":198,"column":4},"end":{"line":198,"column":26}},"type":"if","locations":[{"start":{"line":198,"column":4},"end":{"line":198,"column":26}},{"start":{},"end":{}}],"line":198},"9":{"loc":{"start":{"line":200,"column":11},"end":{"line":200,"column":67}},"type":"binary-expr","locations":[{"start":{"line":200,"column":11},"end":{"line":200,"column":48}},{"start":{"line":200,"column":52},"end":{"line":200,"column":67}}],"line":200},"10":{"loc":{"start":{"line":206,"column":32},"end":{"line":206,"column":54}},"type":"binary-expr","locations":[{"start":{"line":206,"column":32},"end":{"line":206,"column":41}},{"start":{"line":206,"column":45},"end":{"line":206,"column":54}}],"line":206},"11":{"loc":{"start":{"line":212,"column":33},"end":{"line":212,"column":47}},"type":"default-arg","locations":[{"start":{"line":212,"column":43},"end":{"line":212,"column":47}}],"line":212},"12":{"loc":{"start":{"line":228,"column":2},"end":{"line":228,"column":92}},"type":"if","locations":[{"start":{"line":228,"column":2},"end":{"line":228,"column":92}},{"start":{},"end":{}}],"line":228},"13":{"loc":{"start":{"line":234,"column":19},"end":{"line":234,"column":41}},"type":"binary-expr","locations":[{"start":{"line":234,"column":19},"end":{"line":234,"column":20}},{"start":{"line":234,"column":24},"end":{"line":234,"column":41}}],"line":234},"14":{"loc":{"start":{"line":237,"column":20},"end":{"line":237,"column":79}},"type":"cond-expr","locations":[{"start":{"line":237,"column":40},"end":{"line":237,"column":67}},{"start":{"line":237,"column":70},"end":{"line":237,"column":79}}],"line":237},"15":{"loc":{"start":{"line":238,"column":19},"end":{"line":238,"column":75}},"type":"cond-expr","locations":[{"start":{"line":238,"column":38},"end":{"line":238,"column":64}},{"start":{"line":238,"column":67},"end":{"line":238,"column":75}}],"line":238},"16":{"loc":{"start":{"line":239,"column":25},"end":{"line":239,"column":53}},"type":"binary-expr","locations":[{"start":{"line":239,"column":25},"end":{"line":239,"column":37}},{"start":{"line":239,"column":41},"end":{"line":239,"column":53}}],"line":239},"17":{"loc":{"start":{"line":243,"column":11},"end":{"line":243,"column":59}},"type":"cond-expr","locations":[{"start":{"line":243,"column":24},"end":{"line":243,"column":55}},{"start":{"line":243,"column":58},"end":{"line":243,"column":59}}],"line":243},"18":{"loc":{"start":{"line":244,"column":11},"end":{"line":244,"column":41}},"type":"cond-expr","locations":[{"start":{"line":244,"column":24},"end":{"line":244,"column":27}},{"start":{"line":244,"column":30},"end":{"line":244,"column":41}}],"line":244},"19":{"loc":{"start":{"line":247,"column":16},"end":{"line":247,"column":53}},"type":"binary-expr","locations":[{"start":{"line":247,"column":16},"end":{"line":247,"column":24}},{"start":{"line":247,"column":28},"end":{"line":247,"column":53}}],"line":247},"20":{"loc":{"start":{"line":250,"column":6},"end":{"line":250,"column":43}},"type":"if","locations":[{"start":{"line":250,"column":6},"end":{"line":250,"column":43}},{"start":{},"end":{}}],"line":250},"21":{"loc":{"start":{"line":261,"column":33},"end":{"line":261,"column":52}},"type":"default-arg","locations":[{"start":{"line":261,"column":50},"end":{"line":261,"column":52}}],"line":261},"22":{"loc":{"start":{"line":264,"column":11},"end":{"line":264,"column":57}},"type":"binary-expr","locations":[{"start":{"line":264,"column":11},"end":{"line":264,"column":20}},{"start":{"line":264,"column":24},"end":{"line":264,"column":57}}],"line":264},"23":{"loc":{"start":{"line":269,"column":35},"end":{"line":269,"column":54}},"type":"default-arg","locations":[{"start":{"line":269,"column":52},"end":{"line":269,"column":54}}],"line":269},"24":{"loc":{"start":{"line":272,"column":6},"end":{"line":273,"column":58}},"type":"binary-expr","locations":[{"start":{"line":272,"column":6},"end":{"line":272,"column":48}},{"start":{"line":273,"column":7},"end":{"line":273,"column":18}},{"start":{"line":273,"column":22},"end":{"line":273,"column":57}}],"line":272},"25":{"loc":{"start":{"line":279,"column":2},"end":{"line":279,"column":27}},"type":"if","locations":[{"start":{"line":279,"column":2},"end":{"line":279,"column":27}},{"start":{},"end":{}}],"line":279},"26":{"loc":{"start":{"line":288,"column":23},"end":{"line":288,"column":53}},"type":"cond-expr","locations":[{"start":{"line":288,"column":43},"end":{"line":288,"column":49}},{"start":{"line":288,"column":52},"end":{"line":288,"column":53}}],"line":288},"27":{"loc":{"start":{"line":297,"column":2},"end":{"line":297,"column":27}},"type":"if","locations":[{"start":{"line":297,"column":2},"end":{"line":297,"column":27}},{"start":{},"end":{}}],"line":297},"28":{"loc":{"start":{"line":306,"column":23},"end":{"line":306,"column":53}},"type":"cond-expr","locations":[{"start":{"line":306,"column":43},"end":{"line":306,"column":49}},{"start":{"line":306,"column":52},"end":{"line":306,"column":53}}],"line":306},"29":{"loc":{"start":{"line":315,"column":43},"end":{"line":315,"column":65}},"type":"binary-expr","locations":[{"start":{"line":315,"column":43},"end":{"line":315,"column":52}},{"start":{"line":315,"column":56},"end":{"line":315,"column":65}}],"line":315},"30":{"loc":{"start":{"line":318,"column":2},"end":{"line":318,"column":69}},"type":"if","locations":[{"start":{"line":318,"column":2},"end":{"line":318,"column":69}},{"start":{},"end":{}}],"line":318},"31":{"loc":{"start":{"line":318,"column":6},"end":{"line":318,"column":53}},"type":"binary-expr","locations":[{"start":{"line":318,"column":6},"end":{"line":318,"column":15}},{"start":{"line":318,"column":19},"end":{"line":318,"column":28}},{"start":{"line":318,"column":32},"end":{"line":318,"column":53}}],"line":318},"32":{"loc":{"start":{"line":327,"column":6},"end":{"line":328,"column":76}},"type":"if","locations":[{"start":{"line":327,"column":6},"end":{"line":328,"column":76}},{"start":{},"end":{}}],"line":327},"33":{"loc":{"start":{"line":329,"column":6},"end":{"line":330,"column":74}},"type":"if","locations":[{"start":{"line":329,"column":6},"end":{"line":330,"column":74}},{"start":{},"end":{}}],"line":329},"34":{"loc":{"start":{"line":340,"column":2},"end":{"line":340,"column":67}},"type":"if","locations":[{"start":{"line":340,"column":2},"end":{"line":340,"column":67}},{"start":{},"end":{}}],"line":340},"35":{"loc":{"start":{"line":340,"column":6},"end":{"line":340,"column":51}},"type":"binary-expr","locations":[{"start":{"line":340,"column":6},"end":{"line":340,"column":10}},{"start":{"line":340,"column":14},"end":{"line":340,"column":51}}],"line":340},"36":{"loc":{"start":{"line":360,"column":21},"end":{"line":360,"column":61}},"type":"cond-expr","locations":[{"start":{"line":360,"column":41},"end":{"line":360,"column":57}},{"start":{"line":360,"column":60},"end":{"line":360,"column":61}}],"line":360}},"s":{"0":1,"1":1,"2":1,"3":1,"4":1,"5":6,"6":1,"7":1,"8":1,"9":1,"10":160,"11":1,"12":96,"13":1,"14":100,"15":1,"16":15,"17":1,"18":675,"19":39,"20":121,"21":87,"22":34,"23":10,"24":24,"25":0,"26":24,"27":39,"28":39,"29":136,"30":136,"31":65,"32":136,"33":136,"34":429,"35":164,"36":136,"37":39,"38":104,"39":1,"40":21,"41":1,"42":18,"43":16,"44":2,"45":8,"46":14,"47":14,"48":51,"49":50,"50":50,"51":50,"52":50,"53":50,"54":50,"55":5,"56":50,"57":14,"58":1,"59":2,"60":8,"61":8,"62":1,"63":2,"64":14,"65":44,"66":10,"67":27,"68":10,"69":0,"70":10,"71":10,"72":38,"73":3,"74":5,"75":3,"76":0,"77":3,"78":3,"79":10,"80":3,"81":9,"82":3,"83":8,"84":3,"85":3,"86":2,"87":1,"88":1,"89":1,"90":4,"91":1,"92":3,"93":1,"94":2,"95":2,"96":2,"97":9,"98":1,"99":1,"100":4,"101":1,"102":4,"103":1,"104":2,"105":9,"106":1,"107":1,"108":4,"109":1,"110":0,"111":0},"f":{"0":6,"1":160,"2":96,"3":100,"4":15,"5":675,"6":39,"7":121,"8":429,"9":104,"10":21,"11":18,"12":16,"13":8,"14":51,"15":50,"16":2,"17":8,"18":2,"19":14,"20":44,"21":10,"22":27,"23":38,"24":3,"25":5,"26":10,"27":3,"28":9,"29":8,"30":4,"31":2,"32":9,"33":4,"34":4,"35":2,"36":9,"37":1,"38":4,"39":0,"40":0},"b":{"0":[96,92],"1":[100,98],"2":[15,12],"3":[675,613,506,477,235],"4":[18],"5":[87,34],"6":[10,24],"7":[0,24],"8":[65,71],"9":[300,164],"10":[104,28],"11":[8],"12":[2,14],"13":[51,51],"14":[48,2],"15":[49,1],"16":[50,46],"17":[45,5],"18":[45,5],"19":[50,14],"20":[5,45],"21":[0],"22":[8,4],"23":[0],"24":[14,6,4],"25":[0,10],"26":[10,28],"27":[0,3],"28":[3,7],"29":[9,3],"30":[2,1],"31":[3,3,2],"32":[1,3],"33":[1,2],"34":[1,1],"35":[2,2],"36":[1,3]},"inputSourceMap":null,"_coverageSchema":"1a1c01bbd47fc00a2c39e90264f33305004495a9","hash":"cfcafcfbb4f5f2b9260e64351f8d049b9781384f"}
,"/mnt/c/Users/franc/Documents/ChatGPT/Fran/TP-Ing.-Software-2026c2/src/lib/modulos.js": {"path":"/mnt/c/Users/franc/Documents/ChatGPT/Fran/TP-Ing.-Software-2026c2/src/lib/modulos.js","statementMap":{"0":{"start":{"line":12,"column":23},"end":{"line":49,"column":1}},"1":{"start":{"line":51,"column":29},"end":{"line":51,"column":51}},"2":{"start":{"line":54,"column":28},"end":{"line":54,"column":68}},"3":{"start":{"line":57,"column":25},"end":{"line":58,"column":47}},"4":{"start":{"line":58,"column":2},"end":{"line":58,"column":47}},"5":{"start":{"line":58,"column":20},"end":{"line":58,"column":30}}},"fnMap":{"0":{"name":"(anonymous_0)","decl":{"start":{"line":57,"column":25},"end":{"line":57,"column":26}},"loc":{"start":{"line":58,"column":2},"end":{"line":58,"column":47}},"line":58},"1":{"name":"(anonymous_1)","decl":{"start":{"line":58,"column":13},"end":{"line":58,"column":14}},"loc":{"start":{"line":58,"column":20},"end":{"line":58,"column":30}},"line":58}},"branchMap":{"0":{"loc":{"start":{"line":57,"column":26},"end":{"line":57,"column":37}},"type":"default-arg","locations":[{"start":{"line":57,"column":35},"end":{"line":57,"column":37}}],"line":57}},"s":{"0":1,"1":1,"2":1,"3":1,"4":0,"5":0},"f":{"0":0,"1":0},"b":{"0":[0]},"inputSourceMap":null,"_coverageSchema":"1a1c01bbd47fc00a2c39e90264f33305004495a9","hash":"2fe81f0e52d5e5390212e44cd4eda6822d33db69"}
,"/mnt/c/Users/franc/Documents/ChatGPT/Fran/TP-Ing.-Software-2026c2/src/lib/permisos.js": {"path":"/mnt/c/Users/franc/Documents/ChatGPT/Fran/TP-Ing.-Software-2026c2/src/lib/permisos.js","statementMap":{"0":{"start":{"line":11,"column":24},"end":{"line":30,"column":1}},"1":{"start":{"line":32,"column":21},"end":{"line":32,"column":76}},"2":{"start":{"line":32,"column":35},"end":{"line":32,"column":76}},"3":{"start":{"line":35,"column":27},"end":{"line":39,"column":1}}},"fnMap":{"0":{"name":"(anonymous_0)","decl":{"start":{"line":32,"column":21},"end":{"line":32,"column":22}},"loc":{"start":{"line":32,"column":35},"end":{"line":32,"column":76}},"line":32}},"branchMap":{"0":{"loc":{"start":{"line":32,"column":52},"end":{"line":32,"column":67}},"type":"binary-expr","locations":[{"start":{"line":32,"column":52},"end":{"line":32,"column":55}},{"start":{"line":32,"column":59},"end":{"line":32,"column":67}}],"line":32}},"s":{"0":1,"1":1,"2":16,"3":1},"f":{"0":16},"b":{"0":[16,2]},"inputSourceMap":null,"_coverageSchema":"1a1c01bbd47fc00a2c39e90264f33305004495a9","hash":"03a59707c0f237c0e166f5b166f4af8bc43403c1"}
,"/mnt/c/Users/franc/Documents/ChatGPT/Fran/TP-Ing.-Software-2026c2/src/lib/presets.js": {"path":"/mnt/c/Users/franc/Documents/ChatGPT/Fran/TP-Ing.-Software-2026c2/src/lib/presets.js","statementMap":{"0":{"start":{"line":11,"column":23},"end":{"line":93,"column":1}},"1":{"start":{"line":97,"column":27},"end":{"line":97,"column":61}},"2":{"start":{"line":99,"column":22},"end":{"line":99,"column":44}},"3":{"start":{"line":101,"column":22},"end":{"line":101,"column":65}},"4":{"start":{"line":101,"column":33},"end":{"line":101,"column":65}},"5":{"start":{"line":104,"column":30},"end":{"line":105,"column":43}},"6":{"start":{"line":105,"column":2},"end":{"line":105,"column":43}},"7":{"start":{"line":109,"column":27},"end":{"line":109,"column":74}},"8":{"start":{"line":109,"column":43},"end":{"line":109,"column":74}},"9":{"start":{"line":121,"column":12},"end":{"line":121,"column":25}},"10":{"start":{"line":122,"column":2},"end":{"line":131,"column":3}},"11":{"start":{"line":124,"column":6},"end":{"line":124,"column":44}},"12":{"start":{"line":126,"column":6},"end":{"line":126,"column":36}},"13":{"start":{"line":128,"column":6},"end":{"line":128,"column":38}},"14":{"start":{"line":130,"column":6},"end":{"line":130,"column":16}}},"fnMap":{"0":{"name":"(anonymous_0)","decl":{"start":{"line":101,"column":22},"end":{"line":101,"column":23}},"loc":{"start":{"line":101,"column":33},"end":{"line":101,"column":65}},"line":101},"1":{"name":"(anonymous_1)","decl":{"start":{"line":104,"column":30},"end":{"line":104,"column":31}},"loc":{"start":{"line":105,"column":2},"end":{"line":105,"column":43}},"line":105},"2":{"name":"(anonymous_2)","decl":{"start":{"line":109,"column":27},"end":{"line":109,"column":28}},"loc":{"start":{"line":109,"column":43},"end":{"line":109,"column":74}},"line":109},"3":{"name":"queFaltaPara","decl":{"start":{"line":120,"column":16},"end":{"line":120,"column":28}},"loc":{"start":{"line":120,"column":44},"end":{"line":132,"column":1}},"line":120}},"branchMap":{"0":{"loc":{"start":{"line":101,"column":33},"end":{"line":101,"column":65}},"type":"binary-expr","locations":[{"start":{"line":101,"column":33},"end":{"line":101,"column":47}},{"start":{"line":101,"column":51},"end":{"line":101,"column":65}}],"line":101},"1":{"loc":{"start":{"line":105,"column":2},"end":{"line":105,"column":43}},"type":"binary-expr","locations":[{"start":{"line":105,"column":2},"end":{"line":105,"column":33}},{"start":{"line":105,"column":37},"end":{"line":105,"column":43}}],"line":105},"2":{"loc":{"start":{"line":109,"column":43},"end":{"line":109,"column":74}},"type":"binary-expr","locations":[{"start":{"line":109,"column":43},"end":{"line":109,"column":67}},{"start":{"line":109,"column":71},"end":{"line":109,"column":74}}],"line":109},"3":{"loc":{"start":{"line":122,"column":2},"end":{"line":131,"column":3}},"type":"switch","locations":[{"start":{"line":123,"column":4},"end":{"line":124,"column":44}},{"start":{"line":125,"column":4},"end":{"line":126,"column":36}},{"start":{"line":127,"column":4},"end":{"line":128,"column":38}},{"start":{"line":129,"column":4},"end":{"line":130,"column":16}}],"line":122}},"s":{"0":1,"1":1,"2":1,"3":1,"4":23,"5":1,"6":0,"7":1,"8":9,"9":11,"10":11,"11":3,"12":3,"13":3,"14":2},"f":{"0":23,"1":0,"2":9,"3":11},"b":{"0":[23,3],"1":[0,0],"2":[9,0],"3":[3,3,3,2]},"inputSourceMap":null,"_coverageSchema":"1a1c01bbd47fc00a2c39e90264f33305004495a9","hash":"c15a2d37370dee4412bba3efef2be0dc48230942"}
,"/mnt/c/Users/franc/Documents/ChatGPT/Fran/TP-Ing.-Software-2026c2/src/lib/semilla.js": {"path":"/mnt/c/Users/franc/Documents/ChatGPT/Fran/TP-Ing.-Software-2026c2/src/lib/semilla.js","statementMap":{"0":{"start":{"line":10,"column":11},"end":{"line":10,"column":36}},"1":{"start":{"line":10,"column":18},"end":{"line":10,"column":36}},"2":{"start":{"line":11,"column":13},"end":{"line":11,"column":30}},"3":{"start":{"line":11,"column":20},"end":{"line":11,"column":30}},"4":{"start":{"line":14,"column":16},"end":{"line":14,"column":26}},"5":{"start":{"line":15,"column":15},"end":{"line":15,"column":57}},"6":{"start":{"line":15,"column":23},"end":{"line":15,"column":57}},"7":{"start":{"line":17,"column":18},"end":{"line":21,"column":3}},"8":{"start":{"line":18,"column":14},"end":{"line":18,"column":29}},"9":{"start":{"line":19,"column":4},"end":{"line":19,"column":27}},"10":{"start":{"line":20,"column":4},"end":{"line":20,"column":27}},"11":{"start":{"line":22,"column":17},"end":{"line":26,"column":3}},"12":{"start":{"line":23,"column":14},"end":{"line":23,"column":39}},"13":{"start":{"line":24,"column":4},"end":{"line":24,"column":27}},"14":{"start":{"line":25,"column":4},"end":{"line":25,"column":27}},"15":{"start":{"line":28,"column":18},"end":{"line":33,"column":3}},"16":{"start":{"line":35,"column":20},"end":{"line":39,"column":3}},"17":{"start":{"line":41,"column":19},"end":{"line":52,"column":3}},"18":{"start":{"line":54,"column":16},"end":{"line":65,"column":3}},"19":{"start":{"line":67,"column":16},"end":{"line":83,"column":3}},"20":{"start":{"line":85,"column":18},"end":{"line":102,"column":3}},"21":{"start":{"line":92,"column":21},"end":{"line":92,"column":36}},"22":{"start":{"line":93,"column":22},"end":{"line":101,"column":7}},"23":{"start":{"line":104,"column":18},"end":{"line":113,"column":3}},"24":{"start":{"line":115,"column":17},"end":{"line":122,"column":3}},"25":{"start":{"line":126,"column":2},"end":{"line":126,"column":100}}},"fnMap":{"0":{"name":"(anonymous_0)","decl":{"start":{"line":10,"column":11},"end":{"line":10,"column":12}},"loc":{"start":{"line":10,"column":18},"end":{"line":10,"column":36}},"line":10},"1":{"name":"(anonymous_1)","decl":{"start":{"line":11,"column":13},"end":{"line":11,"column":14}},"loc":{"start":{"line":11,"column":20},"end":{"line":11,"column":30}},"line":11},"2":{"name":"construirSemilla","decl":{"start":{"line":13,"column":16},"end":{"line":13,"column":32}},"loc":{"start":{"line":13,"column":35},"end":{"line":127,"column":1}},"line":13},"3":{"name":"(anonymous_3)","decl":{"start":{"line":15,"column":15},"end":{"line":15,"column":16}},"loc":{"start":{"line":15,"column":23},"end":{"line":15,"column":57}},"line":15},"4":{"name":"(anonymous_4)","decl":{"start":{"line":17,"column":18},"end":{"line":17,"column":19}},"loc":{"start":{"line":17,"column":32},"end":{"line":21,"column":3}},"line":17},"5":{"name":"(anonymous_5)","decl":{"start":{"line":22,"column":17},"end":{"line":22,"column":18}},"loc":{"start":{"line":22,"column":34},"end":{"line":26,"column":3}},"line":22},"6":{"name":"(anonymous_6)","decl":{"start":{"line":92,"column":14},"end":{"line":92,"column":15}},"loc":{"start":{"line":92,"column":21},"end":{"line":92,"column":36}},"line":92},"7":{"name":"(anonymous_7)","decl":{"start":{"line":93,"column":11},"end":{"line":93,"column":12}},"loc":{"start":{"line":93,"column":22},"end":{"line":101,"column":7}},"line":93}},"branchMap":{"0":{"loc":{"start":{"line":17,"column":22},"end":{"line":17,"column":27}},"type":"default-arg","locations":[{"start":{"line":17,"column":26},"end":{"line":17,"column":27}}],"line":17},"1":{"loc":{"start":{"line":22,"column":24},"end":{"line":22,"column":29}},"type":"default-arg","locations":[{"start":{"line":22,"column":28},"end":{"line":22,"column":29}}],"line":22}},"s":{"0":0,"1":0,"2":0,"3":0,"4":0,"5":0,"6":0,"7":0,"8":0,"9":0,"10":0,"11":0,"12":0,"13":0,"14":0,"15":0,"16":0,"17":0,"18":0,"19":0,"20":0,"21":0,"22":0,"23":0,"24":0,"25":0},"f":{"0":0,"1":0,"2":0,"3":0,"4":0,"5":0,"6":0,"7":0},"b":{"0":[0],"1":[0]},"inputSourceMap":null}
,"/mnt/c/Users/franc/Documents/ChatGPT/Fran/TP-Ing.-Software-2026c2/src/lib/supabase.js": {"path":"/mnt/c/Users/franc/Documents/ChatGPT/Fran/TP-Ing.-Software-2026c2/src/lib/supabase.js","statementMap":{"0":{"start":{"line":3,"column":12},"end":{"line":3,"column":48}},"1":{"start":{"line":4,"column":14},"end":{"line":4,"column":55}},"2":{"start":{"line":8,"column":27},"end":{"line":8,"column":48}},"3":{"start":{"line":10,"column":24},"end":{"line":10,"column":69}}},"fnMap":{},"branchMap":{"0":{"loc":{"start":{"line":8,"column":35},"end":{"line":8,"column":47}},"type":"binary-expr","locations":[{"start":{"line":8,"column":35},"end":{"line":8,"column":38}},{"start":{"line":8,"column":42},"end":{"line":8,"column":47}}],"line":8},"1":{"loc":{"start":{"line":10,"column":24},"end":{"line":10,"column":69}},"type":"cond-expr","locations":[{"start":{"line":10,"column":38},"end":{"line":10,"column":62}},{"start":{"line":10,"column":65},"end":{"line":10,"column":69}}],"line":10}},"s":{"0":0,"1":0,"2":0,"3":0},"f":{},"b":{"0":[0,0],"1":[0,0]},"inputSourceMap":null}
,"/mnt/c/Users/franc/Documents/ChatGPT/Fran/TP-Ing.-Software-2026c2/src/lib/useTitulo.js": {"path":"/mnt/c/Users/franc/Documents/ChatGPT/Fran/TP-Ing.-Software-2026c2/src/lib/useTitulo.js","statementMap":{"0":{"start":{"line":8,"column":22},"end":{"line":8,"column":32}},"1":{"start":{"line":9,"column":17},"end":{"line":9,"column":48}},"2":{"start":{"line":11,"column":2},"end":{"line":13,"column":22}},"3":{"start":{"line":12,"column":4},"end":{"line":12,"column":61}}},"fnMap":{"0":{"name":"useTitulo","decl":{"start":{"line":7,"column":16},"end":{"line":7,"column":25}},"loc":{"start":{"line":7,"column":33},"end":{"line":14,"column":1}},"line":7},"1":{"name":"(anonymous_1)","decl":{"start":{"line":11,"column":12},"end":{"line":11,"column":13}},"loc":{"start":{"line":11,"column":18},"end":{"line":13,"column":3}},"line":11}},"branchMap":{"0":{"loc":{"start":{"line":9,"column":17},"end":{"line":9,"column":48}},"type":"binary-expr","locations":[{"start":{"line":9,"column":17},"end":{"line":9,"column":32}},{"start":{"line":9,"column":36},"end":{"line":9,"column":48}}],"line":9},"1":{"loc":{"start":{"line":12,"column":21},"end":{"line":12,"column":60}},"type":"cond-expr","locations":[{"start":{"line":12,"column":29},"end":{"line":12,"column":51}},{"start":{"line":12,"column":54},"end":{"line":12,"column":60}}],"line":12}},"s":{"0":0,"1":0,"2":0,"3":0},"f":{"0":0,"1":0},"b":{"0":[0,0],"1":[0,0]},"inputSourceMap":null}
,"/mnt/c/Users/franc/Documents/ChatGPT/Fran/TP-Ing.-Software-2026c2/src/lib/validaciones.js": {"path":"/mnt/c/Users/franc/Documents/ChatGPT/Fran/TP-Ing.-Software-2026c2/src/lib/validaciones.js","statementMap":{"0":{"start":{"line":5,"column":30},"end":{"line":6,"column":76}},"1":{"start":{"line":6,"column":2},"end":{"line":6,"column":76}},"2":{"start":{"line":9,"column":27},"end":{"line":10,"column":49}},"3":{"start":{"line":10,"column":2},"end":{"line":10,"column":49}},"4":{"start":{"line":13,"column":32},"end":{"line":13,"column":65}},"5":{"start":{"line":13,"column":48},"end":{"line":13,"column":65}}},"fnMap":{"0":{"name":"(anonymous_0)","decl":{"start":{"line":5,"column":30},"end":{"line":5,"column":31}},"loc":{"start":{"line":6,"column":2},"end":{"line":6,"column":76}},"line":6},"1":{"name":"(anonymous_1)","decl":{"start":{"line":9,"column":27},"end":{"line":9,"column":28}},"loc":{"start":{"line":10,"column":2},"end":{"line":10,"column":49}},"line":10},"2":{"name":"(anonymous_2)","decl":{"start":{"line":13,"column":32},"end":{"line":13,"column":33}},"loc":{"start":{"line":13,"column":48},"end":{"line":13,"column":65}},"line":13}},"branchMap":{"0":{"loc":{"start":{"line":5,"column":31},"end":{"line":5,"column":41}},"type":"default-arg","locations":[{"start":{"line":5,"column":39},"end":{"line":5,"column":41}}],"line":5},"1":{"loc":{"start":{"line":6,"column":2},"end":{"line":6,"column":76}},"type":"binary-expr","locations":[{"start":{"line":6,"column":2},"end":{"line":6,"column":43}},{"start":{"line":6,"column":47},"end":{"line":6,"column":76}}],"line":6},"2":{"loc":{"start":{"line":9,"column":28},"end":{"line":9,"column":38}},"type":"default-arg","locations":[{"start":{"line":9,"column":36},"end":{"line":9,"column":38}}],"line":9},"3":{"loc":{"start":{"line":13,"column":33},"end":{"line":13,"column":43}},"type":"default-arg","locations":[{"start":{"line":13,"column":41},"end":{"line":13,"column":43}}],"line":13}},"s":{"0":1,"1":7,"2":1,"3":7,"4":1,"5":3},"f":{"0":7,"1":7,"2":3},"b":{"0":[0],"1":[7,4],"2":[0],"3":[0]},"inputSourceMap":null,"_coverageSchema":"1a1c01bbd47fc00a2c39e90264f33305004495a9","hash":"da51114cf005ff75f835b79a696b306d2384bdc5"}
}
