TN:
SF:src/lib/estados.js
FN:67,(anonymous_0)
FN:71,quienLoTiene
FN:72,(anonymous_2)
FN:81,accionDeFila
FN:83,(anonymous_4)
FN:86,(anonymous_5)
FN:111,(anonymous_6)
FN:121,totalesDeCaso
FN:122,(anonymous_8)
FN:124,(anonymous_9)
FN:125,(anonymous_10)
FN:134,(anonymous_11)
FNF:12
FNH:5
FNDA:0,(anonymous_0)
FNDA:0,quienLoTiene
FNDA:0,(anonymous_2)
FNDA:0,accionDeFila
FNDA:0,(anonymous_4)
FNDA:0,(anonymous_5)
FNDA:0,(anonymous_6)
FNDA:6,totalesDeCaso
FNDA:12,(anonymous_8)
FNDA:44,(anonymous_9)
FNDA:21,(anonymous_10)
FNDA:22,(anonymous_11)
DA:9,2
DA:17,2
DA:67,2
DA:72,0
DA:73,0
DA:74,0
DA:75,0
DA:76,0
DA:82,0
DA:83,0
DA:85,0
DA:86,0
DA:89,0
DA:91,0
DA:93,0
DA:95,0
DA:96,0
DA:103,0
DA:105,0
DA:107,0
DA:111,2
DA:112,0
DA:122,6
DA:123,12
DA:124,44
DA:125,21
DA:127,6
DA:128,6
DA:130,6
DA:134,22
LF:30
LH:12
BRDA:73,0,0,0
BRDA:73,0,1,0
BRDA:74,1,0,0
BRDA:74,1,1,0
BRDA:75,2,0,0
BRDA:75,2,1,0
BRDA:81,3,0,0
BRDA:81,4,0,0
BRDA:81,5,0,0
BRDA:83,6,0,0
BRDA:83,6,1,0
BRDA:86,7,0,0
BRDA:86,7,1,0
BRDA:86,7,2,0
BRDA:89,8,0,0
BRDA:89,8,1,0
BRDA:89,8,2,0
BRDA:89,8,3,0
BRDA:89,8,4,0
BRDA:95,9,0,0
BRDA:95,9,1,0
BRDA:95,10,0,0
BRDA:95,10,1,0
BRDA:112,11,0,0
BRDA:112,11,1,0
BRF:25
BRH:0
end_of_record
TN:
SF:src/lib/fechas.js
FN:6,(anonymous_0)
FN:13,(anonymous_1)
FN:16,(anonymous_2)
FN:18,cuando
FN:29,haceCuanto
FN:36,(anonymous_5)
FN:38,diaLargo
FN:52,(anonymous_7)
FNF:8
FNH:0
FNDA:0,(anonymous_0)
FNDA:0,(anonymous_1)
FNDA:0,(anonymous_2)
FNDA:0,cuando
FNDA:0,haceCuanto
FNDA:0,(anonymous_5)
FNDA:0,diaLargo
FNDA:0,(anonymous_7)
DA:6,0
DA:7,0
DA:13,0
DA:14,0
DA:16,0
DA:19,0
DA:20,0
DA:21,0
DA:22,0
DA:24,0
DA:25,0
DA:26,0
DA:30,0
DA:31,0
DA:32,0
DA:33,0
DA:36,0
DA:39,0
DA:40,0
DA:41,0
DA:42,0
DA:43,0
DA:44,0
DA:45,0
DA:52,0
DA:53,0
DA:54,0
LF:27
LH:0
BRDA:24,0,0,0
BRDA:24,0,1,0
BRDA:25,1,0,0
BRDA:25,1,1,0
BRDA:31,2,0,0
BRDA:31,2,1,0
BRDA:32,3,0,0
BRDA:32,3,1,0
BRDA:41,4,0,0
BRDA:41,4,1,0
BRDA:44,5,0,0
BRDA:44,5,1,0
BRDA:52,6,0,0
BRF:13
BRH:0
end_of_record
TN:
SF:src/lib/inicio.js
FN:38,(anonymous_0)
FN:154,(anonymous_1)
FN:157,(anonymous_2)
FN:161,(anonymous_3)
FN:163,(anonymous_4)
FN:166,(anonymous_5)
FN:183,acomodar
FN:184,(anonymous_7)
FN:200,(anonymous_8)
FN:206,(anonymous_9)
FN:212,(anonymous_10)
FN:221,(anonymous_11)
FN:227,normalizarInicio
FN:228,(anonymous_13)
FN:234,(anonymous_14)
FN:235,(anonymous_15)
FN:261,(anonymous_16)
FN:262,(anonymous_17)
FN:269,(anonymous_18)
FN:271,(anonymous_19)
FN:272,(anonymous_20)
FN:277,colocar
FN:278,(anonymous_22)
FN:288,(anonymous_23)
FN:295,redimensionar
FN:296,(anonymous_25)
FN:306,(anonymous_26)
FN:314,intercambiar
FN:315,(anonymous_28)
FN:316,(anonymous_29)
FN:326,(anonymous_30)
FN:338,agregar
FN:340,(anonymous_32)
FN:342,(anonymous_33)
FN:345,(anonymous_34)
FN:357,(anonymous_35)
FN:357,(anonymous_36)
FN:359,(anonymous_37)
FN:360,(anonymous_38)
FN:364,(anonymous_39)
FN:365,(anonymous_40)
FNF:41
FNH:39
FNDA:6,(anonymous_0)
FNDA:160,(anonymous_1)
FNDA:96,(anonymous_2)
FNDA:100,(anonymous_3)
FNDA:15,(anonymous_4)
FNDA:675,(anonymous_5)
FNDA:39,acomodar
FNDA:121,(anonymous_7)
FNDA:429,(anonymous_8)
FNDA:104,(anonymous_9)
FNDA:21,(anonymous_10)
FNDA:18,(anonymous_11)
FNDA:16,normalizarInicio
FNDA:8,(anonymous_13)
FNDA:51,(anonymous_14)
FNDA:50,(anonymous_15)
FNDA:2,(anonymous_16)
FNDA:8,(anonymous_17)
FNDA:2,(anonymous_18)
FNDA:14,(anonymous_19)
FNDA:44,(anonymous_20)
FNDA:10,colocar
FNDA:27,(anonymous_22)
FNDA:38,(anonymous_23)
FNDA:3,redimensionar
FNDA:5,(anonymous_25)
FNDA:10,(anonymous_26)
FNDA:3,intercambiar
FNDA:9,(anonymous_28)
FNDA:8,(anonymous_29)
FNDA:4,(anonymous_30)
FNDA:2,agregar
FNDA:9,(anonymous_32)
FNDA:4,(anonymous_33)
FNDA:4,(anonymous_34)
FNDA:2,(anonymous_35)
FNDA:9,(anonymous_36)
FNDA:1,(anonymous_37)
FNDA:4,(anonymous_38)
FNDA:0,(anonymous_39)
FNDA:0,(anonymous_40)
DA:27,1
DA:28,1
DA:33,1
DA:34,1
DA:38,6
DA:45,1
DA:143,1
DA:147,1
DA:154,160
DA:157,96
DA:161,100
DA:163,15
DA:166,1
DA:167,675
DA:184,39
DA:185,121
DA:186,34
DA:187,24
DA:188,24
DA:191,39
DA:193,39
DA:194,136
DA:198,136
DA:199,136
DA:200,429
DA:201,136
DA:206,104
DA:212,1
DA:213,21
DA:221,18
DA:228,16
DA:231,14
DA:233,14
DA:234,51
DA:236,50
DA:237,50
DA:238,50
DA:239,50
DA:241,50
DA:250,50
DA:251,50
DA:254,14
DA:261,1
DA:262,2
DA:263,8
DA:264,8
DA:269,1
DA:270,2
DA:272,44
DA:278,27
DA:279,10
DA:281,10
DA:287,10
DA:288,38
DA:296,5
DA:297,3
DA:299,3
DA:305,3
DA:306,10
DA:315,9
DA:316,8
DA:317,3
DA:318,3
DA:320,1
DA:321,1
DA:325,1
DA:327,4
DA:328,1
DA:329,3
DA:330,1
DA:331,2
DA:339,2
DA:340,9
DA:342,4
DA:344,1
DA:345,4
DA:357,9
DA:359,1
DA:360,4
DA:364,1
DA:365,0
LF:81
LH:80
BRDA:157,0,0,96
BRDA:157,0,1,92
BRDA:161,1,0,100
BRDA:161,1,1,98
BRDA:163,2,0,15
BRDA:163,2,1,12
BRDA:167,3,0,675
BRDA:167,3,1,613
BRDA:167,3,2,506
BRDA:167,3,3,477
BRDA:167,3,4,235
BRDA:183,4,0,18
BRDA:185,5,0,87
BRDA:185,5,1,34
BRDA:186,6,0,10
BRDA:186,6,1,24
BRDA:187,7,0,0
BRDA:187,7,1,24
BRDA:198,8,0,65
BRDA:198,8,1,71
BRDA:200,9,0,300
BRDA:200,9,1,164
BRDA:206,10,0,104
BRDA:206,10,1,28
BRDA:212,11,0,8
BRDA:228,12,0,2
BRDA:228,12,1,14
BRDA:234,13,0,51
BRDA:234,13,1,51
BRDA:237,14,0,48
BRDA:237,14,1,2
BRDA:238,15,0,49
BRDA:238,15,1,1
BRDA:239,16,0,50
BRDA:239,16,1,46
BRDA:243,17,0,45
BRDA:243,17,1,5
BRDA:244,18,0,45
BRDA:244,18,1,5
BRDA:247,19,0,50
BRDA:247,19,1,14
BRDA:250,20,0,5
BRDA:250,20,1,45
BRDA:261,21,0,0
BRDA:264,22,0,8
BRDA:264,22,1,4
BRDA:269,23,0,0
BRDA:272,24,0,14
BRDA:272,24,1,6
BRDA:272,24,2,4
BRDA:279,25,0,0
BRDA:279,25,1,10
BRDA:288,26,0,10
BRDA:288,26,1,28
BRDA:297,27,0,0
BRDA:297,27,1,3
BRDA:306,28,0,3
BRDA:306,28,1,7
BRDA:315,29,0,9
BRDA:315,29,1,3
BRDA:318,30,0,2
BRDA:318,30,1,1
BRDA:318,31,0,3
BRDA:318,31,1,3
BRDA:318,31,2,2
BRDA:327,32,0,1
BRDA:327,32,1,3
BRDA:329,33,0,1
BRDA:329,33,1,2
BRDA:340,34,0,1
BRDA:340,34,1,1
BRDA:340,35,0,2
BRDA:340,35,1,2
BRDA:360,36,0,1
BRDA:360,36,1,3
BRF:75
BRH:70
end_of_record
TN:
SF:src/lib/modulos.js
FN:57,(anonymous_0)
FN:58,(anonymous_1)
FNF:2
FNH:0
FNDA:0,(anonymous_0)
FNDA:0,(anonymous_1)
DA:12,1
DA:51,1
DA:54,1
DA:57,1
DA:58,0
LF:5
LH:4
BRDA:57,0,0,0
BRF:1
BRH:0
end_of_record
TN:
SF:src/lib/permisos.js
FN:32,(anonymous_0)
FNF:1
FNH:1
FNDA:16,(anonymous_0)
DA:11,1
DA:32,16
DA:35,1
LF:3
LH:3
BRDA:32,0,0,16
BRDA:32,0,1,2
BRF:2
BRH:2
end_of_record
TN:
SF:src/lib/presets.js
FN:101,(anonymous_0)
FN:104,(anonymous_1)
FN:109,(anonymous_2)
FN:120,queFaltaPara
FNF:4
FNH:3
FNDA:23,(anonymous_0)
FNDA:0,(anonymous_1)
FNDA:9,(anonymous_2)
FNDA:11,queFaltaPara
DA:11,1
DA:97,1
DA:99,1
DA:101,23
DA:104,1
DA:105,0
DA:109,9
DA:121,11
DA:122,11
DA:124,3
DA:126,3
DA:128,3
DA:130,2
LF:13
LH:12
BRDA:101,0,0,23
BRDA:101,0,1,3
BRDA:105,1,0,0
BRDA:105,1,1,0
BRDA:109,2,0,9
BRDA:109,2,1,0
BRDA:122,3,0,3
BRDA:122,3,1,3
BRDA:122,3,2,3
BRDA:122,3,3,2
BRF:10
BRH:7
end_of_record
TN:
SF:src/lib/semilla.js
FN:10,(anonymous_0)
FN:11,(anonymous_1)
FN:13,construirSemilla
FN:15,(anonymous_3)
FN:17,(anonymous_4)
FN:22,(anonymous_5)
FN:92,(anonymous_6)
FN:93,(anonymous_7)
FNF:8
FNH:0
FNDA:0,(anonymous_0)
FNDA:0,(anonymous_1)
FNDA:0,construirSemilla
FNDA:0,(anonymous_3)
FNDA:0,(anonymous_4)
FNDA:0,(anonymous_5)
FNDA:0,(anonymous_6)
FNDA:0,(anonymous_7)
DA:10,0
DA:11,0
DA:14,0
DA:15,0
DA:17,0
DA:18,0
DA:19,0
DA:20,0
DA:22,0
DA:23,0
DA:24,0
DA:25,0
DA:28,0
DA:35,0
DA:41,0
DA:54,0
DA:67,0
DA:85,0
DA:92,0
DA:93,0
DA:104,0
DA:115,0
DA:126,0
LF:23
LH:0
BRDA:17,0,0,0
BRDA:22,1,0,0
BRF:2
BRH:0
end_of_record
TN:
SF:src/lib/supabase.js
FNF:0
FNH:0
DA:3,0
DA:4,0
DA:8,0
DA:10,0
LF:4
LH:0
BRDA:8,0,0,0
BRDA:8,0,1,0
BRDA:10,1,0,0
BRDA:10,1,1,0
BRF:4
BRH:0
end_of_record
TN:
SF:src/lib/useTitulo.js
FN:7,useTitulo
FN:11,(anonymous_1)
FNF:2
FNH:0
FNDA:0,useTitulo
FNDA:0,(anonymous_1)
DA:8,0
DA:9,0
DA:11,0
DA:12,0
LF:4
LH:0
BRDA:9,0,0,0
BRDA:9,0,1,0
BRDA:12,1,0,0
BRDA:12,1,1,0
BRF:4
BRH:0
end_of_record
TN:
SF:src/lib/validaciones.js
FN:5,(anonymous_0)
FN:9,(anonymous_1)
FN:13,(anonymous_2)
FNF:3
FNH:3
FNDA:7,(anonymous_0)
FNDA:7,(anonymous_1)
FNDA:3,(anonymous_2)
DA:5,1
DA:6,7
DA:9,1
DA:10,7
DA:13,3
LF:5
LH:5
BRDA:5,0,0,0
BRDA:6,1,0,7
BRDA:6,1,1,4
BRDA:9,2,0,0
BRDA:13,3,0,0
BRF:5
BRH:2
end_of_record
